<?xml version="1.0" encoding="UTF-8"?>
<testng-results ignored="0" total="1" passed="1" failed="0" skipped="0">
  <reporter-output>
  </reporter-output>
  <suite started-at="2024-01-12T15:23:38 EST" name="Default suite" finished-at="2024-01-12T15:23:47 EST" duration-ms="9743">
    <groups>
    </groups>
    <test started-at="2024-01-12T15:23:38 EST" name="Default test" finished-at="2024-01-12T15:23:47 EST" duration-ms="9743">
      <class name="com.qa.easy_ques1_2_3.Rediff_navigate_different_page">
        <test-method is-config="true" signature="setup()[pri:0, instance:com.qa.easy_ques1_2_3.Rediff_navigate_different_page@2e3967ea]" started-at="2024-01-12T15:23:38 EST" name="setup" finished-at="2024-01-12T15:23:46 EST" duration-ms="8274" status="PASS">
          <reporter-output>
          </reporter-output>
        </test-method> <!-- setup -->
        <test-method signature="getTitle()[pri:0, instance:com.qa.easy_ques1_2_3.Rediff_navigate_different_page@2e3967ea]" started-at="2024-01-12T15:23:46 EST" name="getTitle" finished-at="2024-01-12T15:23:47 EST" duration-ms="1262" status="PASS">
          <reporter-output>
          </reporter-output>
        </test-method> <!-- getTitle -->
        <test-method is-config="true" signature="teardown()[pri:0, instance:com.qa.easy_ques1_2_3.Rediff_navigate_different_page@2e3967ea]" started-at="2024-01-12T15:23:47 EST" name="teardown" finished-at="2024-01-12T15:23:47 EST" duration-ms="176" status="PASS">
          <reporter-output>
          </reporter-output>
        </test-method> <!-- teardown -->
      </class> <!-- com.qa.easy_ques1_2_3.Rediff_navigate_different_page -->
    </test> <!-- Default test -->
  </suite> <!-- Default suite -->
</testng-results>
